<?xml version="1.0" encoding="UTF-8"?>
<testng-results skipped="0" failed="0" ignored="0" total="1" passed="1">
  <reporter-output>
  </reporter-output>
  <suite name="Default suite" duration-ms="2368" started-at="2022-01-21T16:42:07 IST" finished-at="2022-01-21T16:42:10 IST">
    <groups>
    </groups>
    <test name="Default test" duration-ms="2368" started-at="2022-01-21T16:42:07 IST" finished-at="2022-01-21T16:42:10 IST">
      <class name="TestNGJSONPathValidations">
        <test-method status="PASS" signature="tc1()[pri:0, instance:TestNGJSONPathValidations@480bdb19]" name="tc1" duration-ms="2322" started-at="2022-01-21T16:42:07 IST" finished-at="2022-01-21T16:42:10 IST">
          <reporter-output>
          </reporter-output>
        </test-method> <!-- tc1 -->
      </class> <!-- TestNGJSONPathValidations -->
    </test> <!-- Default test -->
  </suite> <!-- Default suite -->
</testng-results>
